<?xml version="1.0" encoding="UTF-8"?>
<!-- Generated by org.testng.reporters.JUnitReportReporter -->
<testsuite skipped="0" hostname="DESKTOP-B6OGMO3" name="com.hfc.tests.AddToCartFunctionalityTest" tests="1" failures="0" timestamp="09 Jul 2019 12:01:50 GMT" time="135.966" errors="0">
  <testcase name="addToCartFunctionalityTest" time="135.966" classname="com.hfc.tests.AddToCartFunctionalityTest"/>
</testsuite> <!-- com.hfc.tests.AddToCartFunctionalityTest -->
